<?xml version="1.0" encoding="utf-8"?><testsuite errors="0" failures="2" name="pytest" skips="0" tests="8" time="0.501"><testcase classname="pytests.test_index" file="pytests/test_index.py" line="10" name="test_conda_environment_activated" time="0.0018565654754638672"></testcase><testcase classname="pytests.test_index" file="pytests/test_index.py" line="13" name="test_restaurant_name_func" time="0.0006921291351318359"></testcase><testcase classname="pytests.test_index" file="pytests/test_index.py" line="18" name="test_restaurant_rating_func" time="0.0007882118225097656"></testcase><testcase classname="pytests.test_index" file="pytests/test_index.py" line="23" name="test_is_better_func" time="0.002884387969970703"><failure message="AssertionError: assert None == False
 +  where None = is_better({&apos;categories&apos;: [{&apos;alias&apos;: &apos;mexican&apos;, &apos;title&apos;: &apos;Mexican&apos;}, {&apos;alias&apos;: &apos;diners&apos;, &apos;title&apos;: &apos;Diners&apos;}, {&apos;alias&apos;: &apos;tradameri...0808088832532, &apos;longitude&apos;: -106.619402244687}, &apos;display_phone&apos;: &apos;(505) 266-0550&apos;, &apos;distance&apos;: 4033.6583235266075, ...}, {&apos;categories&apos;: [{&apos;alias&apos;: &apos;burgers&apos;, &apos;title&apos;: &apos;Burgers&apos;}, {&apos;alias&apos;: &apos;sandwiches&apos;, &apos;title&apos;: &apos;Sandwiches&apos;}, {&apos;alias&apos;: &apos;s...{&apos;latitude&apos;: 35.10871, &apos;longitude&apos;: -106.56739}, &apos;display_phone&apos;: &apos;(505) 881-5293&apos;, &apos;distance&apos;: 3571.724649307866, ...})">def test_is_better_func():
        assert &apos;is_better&apos; in ipynb.fs.full.index.__dict__, &quot;The is_better function must be defined&quot;
&gt;       assert is_better(frontier_restaurant, fork_fig) == False
E       AssertionError: assert None == False
E        +  where None = is_better({&apos;categories&apos;: [{&apos;alias&apos;: &apos;mexican&apos;, &apos;title&apos;: &apos;Mexican&apos;}, {&apos;alias&apos;: &apos;diners&apos;, &apos;title&apos;: &apos;Diners&apos;}, {&apos;alias&apos;: &apos;tradameri...0808088832532, &apos;longitude&apos;: -106.619402244687}, &apos;display_phone&apos;: &apos;(505) 266-0550&apos;, &apos;distance&apos;: 4033.6583235266075, ...}, {&apos;categories&apos;: [{&apos;alias&apos;: &apos;burgers&apos;, &apos;title&apos;: &apos;Burgers&apos;}, {&apos;alias&apos;: &apos;sandwiches&apos;, &apos;title&apos;: &apos;Sandwiches&apos;}, {&apos;alias&apos;: &apos;s...{&apos;latitude&apos;: 35.10871, &apos;longitude&apos;: -106.56739}, &apos;display_phone&apos;: &apos;(505) 881-5293&apos;, &apos;distance&apos;: 3571.724649307866, ...})

pytests/test_index.py:26: AssertionError</failure></testcase><testcase classname="pytests.test_index" file="pytests/test_index.py" line="29" name="test_is_cheaper_func" time="0.0012998580932617188"><failure message="AssertionError: assert False == True
 +  where False = is_cheaper({&apos;categories&apos;: [{&apos;alias&apos;: &apos;mexican&apos;, &apos;title&apos;: &apos;Mexican&apos;}, {&apos;alias&apos;: &apos;diners&apos;, &apos;title&apos;: &apos;Diners&apos;}, {&apos;alias&apos;: &apos;tradameri...0808088832532, &apos;longitude&apos;: -106.619402244687}, &apos;display_phone&apos;: &apos;(505) 266-0550&apos;, &apos;distance&apos;: 4033.6583235266075, ...}, {&apos;categories&apos;: [{&apos;alias&apos;: &apos;burgers&apos;, &apos;title&apos;: &apos;Burgers&apos;}, {&apos;alias&apos;: &apos;sandwiches&apos;, &apos;title&apos;: &apos;Sandwiches&apos;}, {&apos;alias&apos;: &apos;s...{&apos;latitude&apos;: 35.10871, &apos;longitude&apos;: -106.56739}, &apos;display_phone&apos;: &apos;(505) 881-5293&apos;, &apos;distance&apos;: 3571.724649307866, ...})">def test_is_cheaper_func():
        assert &apos;is_cheaper&apos; in ipynb.fs.full.index.__dict__, &quot;The is_cheaper function must be defined&quot;
&gt;       assert is_cheaper(frontier_restaurant, fork_fig) == True
E       AssertionError: assert False == True
E        +  where False = is_cheaper({&apos;categories&apos;: [{&apos;alias&apos;: &apos;mexican&apos;, &apos;title&apos;: &apos;Mexican&apos;}, {&apos;alias&apos;: &apos;diners&apos;, &apos;title&apos;: &apos;Diners&apos;}, {&apos;alias&apos;: &apos;tradameri...0808088832532, &apos;longitude&apos;: -106.619402244687}, &apos;display_phone&apos;: &apos;(505) 266-0550&apos;, &apos;distance&apos;: 4033.6583235266075, ...}, {&apos;categories&apos;: [{&apos;alias&apos;: &apos;burgers&apos;, &apos;title&apos;: &apos;Burgers&apos;}, {&apos;alias&apos;: &apos;sandwiches&apos;, &apos;title&apos;: &apos;Sandwiches&apos;}, {&apos;alias&apos;: &apos;s...{&apos;latitude&apos;: 35.10871, &apos;longitude&apos;: -106.56739}, &apos;display_phone&apos;: &apos;(505) 881-5293&apos;, &apos;distance&apos;: 3571.724649307866, ...})

pytests/test_index.py:32: AssertionError</failure></testcase><testcase classname="pytests.test_index" file="pytests/test_index.py" line="35" name="test_high_rating_func" time="0.0007064342498779297"></testcase><testcase classname="pytests.test_index" file="pytests/test_index.py" line="41" name="test_mean_review_count_func" time="0.0006761550903320312"></testcase><testcase classname="pytests.test_index" file="pytests/test_index.py" line="45" name="test_mediam_review_count_func" time="0.0007681846618652344"></testcase></testsuite>